# JRE version: OpenJDK Runtime Environment Temurin-17.0.2+8 (17.0.2+8) (build 17.0.2+8)
# Java VM: OpenJDK 64-Bit Server VM Temurin-17.0.2+8 (17.0.2+8, mixed mode, emulated-client, tiered, compressed oops, compressed class ptrs, g1 gc, windows-amd64)
GC Precious Log:
 CPUs: 4 total, 4 available
 Memory: 8105M
 Large Page Support: Disabled
 NUMA Support: Disabled
 Compressed Oops: Enabled (32-bit)
 Heap Region Size: 1M
 Heap Min Capacity: 8M
 Heap Initial Capacity: 128M
 Heap Max Capacity: 2028M
 Pre-touch: Disabled
 Parallel Workers: 4
 Concurrent Workers: 1
 Concurrent Refinement Workers: 4
 Periodic GC: Disabled
Heap:
 garbage-first heap   total 58368K, used 33344K [0x0000000081400000, 0x0000000100000000)
  region size 1024K, 19 young (19456K), 3 survivors (3072K)
 Metaspace       used 44951K, committed 45376K, reserved 1089536K
  class space    used 5613K, committed 5824K, reserved 1048576K
GC Heap History (20 events):
Event: 1.373 GC heap before
{Heap before GC invocations=0 (full 0):
 garbage-first heap   total 131072K, used 12288K [0x0000000081400000, 0x0000000100000000)
  region size 1024K, 13 young (13312K), 0 survivors (0K)
 Metaspace       used 13562K, committed 13760K, reserved 1064960K
  class space    used 1389K, committed 1472K, reserved 1048576K
}
Event: 1.379 GC heap after
{Heap after GC invocations=1 (full 0):
 garbage-first heap   total 131072K, used 5355K [0x0000000081400000, 0x0000000100000000)
  region size 1024K, 2 young (2048K), 2 survivors (2048K)
 Metaspace       used 13562K, committed 13760K, reserved 1064960K
  class space    used 1389K, committed 1472K, reserved 1048576K
}
Event: 1.710 GC heap before
{Heap before GC invocations=1 (full 0):
 garbage-first heap   total 131072K, used 16619K [0x0000000081400000, 0x0000000100000000)
  region size 1024K, 13 young (13312K), 2 survivors (2048K)
 Metaspace       used 16268K, committed 16512K, reserved 1064960K
  class space    used 1775K, committed 1920K, reserved 1048576K
}
Event: 1.720 GC heap after
{Heap after GC invocations=2 (full 0):
 garbage-first heap   total 131072K, used 6247K [0x0000000081400000, 0x0000000100000000)
  region size 1024K, 1 young (1024K), 1 survivors (1024K)
 Metaspace       used 16268K, committed 16512K, reserved 1064960K
  class space    used 1775K, committed 1920K, reserved 1048576K
}
Event: 2.148 GC heap before
{Heap before GC invocations=2 (full 0):
 garbage-first heap   total 131072K, used 23655K [0x0000000081400000, 0x0000000100000000)
  region size 1024K, 20 young (20480K), 1 survivors (1024K)
 Metaspace       used 21236K, committed 21504K, reserved 1073152K
  class space    used 2463K, committed 2624K, reserved 1048576K
}
Event: 2.152 GC heap after
{Heap after GC invocations=3 (full 0):
 garbage-first heap   total 131072K, used 7584K [0x0000000081400000, 0x0000000100000000)
  region size 1024K, 3 young (3072K), 3 survivors (3072K)
 Metaspace       used 21236K, committed 21504K, reserved 1073152K
  class space    used 2463K, committed 2624K, reserved 1048576K
}
Event: 2.490 GC heap before
{Heap before GC invocations=4 (full 0):
 garbage-first heap   total 37888K, used 27040K [0x0000000081400000, 0x0000000100000000)
  region size 1024K, 23 young (23552K), 3 survivors (3072K)
 Metaspace       used 25671K, committed 25984K, reserved 1073152K
  class space    used 3061K, committed 3200K, reserved 1048576K
}
Event: 2.494 GC heap after
{Heap after GC invocations=5 (full 0):
 garbage-first heap   total 37888K, used 8428K [0x0000000081400000, 0x0000000100000000)
  region size 1024K, 3 young (3072K), 3 survivors (3072K)
 Metaspace       used 25671K, committed 25984K, reserved 1073152K
  class space    used 3061K, committed 3200K, reserved 1048576K
}
Event: 2.522 GC heap before
{Heap before GC invocations=5 (full 0):
 garbage-first heap   total 37888K, used 8428K [0x0000000081400000, 0x0000000100000000)
  region size 1024K, 4 young (4096K), 3 survivors (3072K)
 Metaspace       used 25783K, committed 26112K, reserved 1073152K
  class space    used 3076K, committed 3200K, reserved 1048576K
}
Event: 2.527 GC heap after
{Heap after GC invocations=6 (full 0):
 garbage-first heap   total 37888K, used 8950K [0x0000000081400000, 0x0000000100000000)
  region size 1024K, 1 young (1024K), 1 survivors (1024K)
 Metaspace       used 25783K, committed 26112K, reserved 1073152K
  class space    used 3076K, committed 3200K, reserved 1048576K
}
Event: 2.898 GC heap before
{Heap before GC invocations=6 (full 0):
 garbage-first heap   total 37888K, used 24310K [0x0000000081400000, 0x0000000100000000)
  region size 1024K, 16 young (16384K), 1 survivors (1024K)
 Metaspace       used 26778K, committed 27072K, reserved 1073152K
  class space    used 3227K, committed 3328K, reserved 1048576K
}
Event: 2.900 GC heap after
{Heap after GC invocations=7 (full 0):
 garbage-first heap   total 37888K, used 9819K [0x0000000081400000, 0x0000000100000000)
  region size 1024K, 2 young (2048K), 2 survivors (2048K)
 Metaspace       used 26778K, committed 27072K, reserved 1073152K
  class space    used 3227K, committed 3328K, reserved 1048576K
}
Event: 3.302 GC heap before
{Heap before GC invocations=7 (full 0):
 garbage-first heap   total 37888K, used 25179K [0x0000000081400000, 0x0000000100000000)
  region size 1024K, 17 young (17408K), 2 survivors (2048K)
 Metaspace       used 29114K, committed 29440K, reserved 1081344K
  class space    used 3565K, committed 3712K, reserved 1048576K
}
Event: 3.306 GC heap after
{Heap after GC invocations=8 (full 0):
 garbage-first heap   total 37888K, used 10836K [0x0000000081400000, 0x0000000100000000)
  region size 1024K, 3 young (3072K), 3 survivors (3072K)
 Metaspace       used 29114K, committed 29440K, reserved 1081344K
  class space    used 3565K, committed 3712K, reserved 1048576K
}
Event: 3.868 GC heap before
{Heap before GC invocations=8 (full 0):
 garbage-first heap   total 37888K, used 26196K [0x0000000081400000, 0x0000000100000000)
  region size 1024K, 18 young (18432K), 3 survivors (3072K)
 Metaspace       used 31442K, committed 31744K, reserved 1081344K
  class space    used 3946K, committed 4096K, reserved 1048576K
}
Event: 3.873 GC heap after
{Heap after GC invocations=9 (full 0):
 garbage-first heap   total 58368K, used 12769K [0x0000000081400000, 0x0000000100000000)
  region size 1024K, 3 young (3072K), 3 survivors (3072K)
 Metaspace       used 31442K, committed 31744K, reserved 1081344K
  class space    used 3946K, committed 4096K, reserved 1048576K
}
Event: 4.729 GC heap before
{Heap before GC invocations=9 (full 0):
 garbage-first heap   total 58368K, used 39393K [0x0000000081400000, 0x0000000100000000)
  region size 1024K, 30 young (30720K), 3 survivors (3072K)
 Metaspace       used 35781K, committed 36160K, reserved 1081344K
  class space    used 4434K, committed 4608K, reserved 1048576K
}
Event: 4.735 GC heap after
{Heap after GC invocations=10 (full 0):
 garbage-first heap   total 58368K, used 15454K [0x0000000081400000, 0x0000000100000000)
  region size 1024K, 5 young (5120K), 5 survivors (5120K)
 Metaspace       used 35781K, committed 36160K, reserved 1081344K
  class space    used 4434K, committed 4608K, reserved 1048576K
}
Event: 5.962 GC heap before
{Heap before GC invocations=11 (full 0):
 garbage-first heap   total 58368K, used 40030K [0x0000000081400000, 0x0000000100000000)
  region size 1024K, 30 young (30720K), 5 survivors (5120K)
 Metaspace       used 43502K, committed 43904K, reserved 1089536K
  class space    used 5398K, committed 5568K, reserved 1048576K
}
Event: 5.970 GC heap after
{Heap after GC invocations=12 (full 0):
 garbage-first heap   total 58368K, used 17984K [0x0000000081400000, 0x0000000100000000)
  region size 1024K, 3 young (3072K), 3 survivors (3072K)
 Metaspace       used 43502K, committed 43904K, reserved 1089536K
  class space    used 5398K, committed 5568K, reserved 1048576K
}

